  [1m[35m (404.5ms)[0m  [1m[35mCREATE DATABASE "team-lunch-backend_development" ENCODING = 'unicode'[0m
  ↳ bin/rails:9
  [1m[35m (296.5ms)[0m  [1m[35mCREATE DATABASE "team-lunch-backend_test" ENCODING = 'unicode'[0m
  ↳ bin/rails:9
  [1m[35m (22.4ms)[0m  [1m[35mCREATE TABLE "schema_migrations" ("version" character varying NOT NULL PRIMARY KEY)[0m
  ↳ bin/rails:9
  [1m[35m (22.0ms)[0m  [1m[35mCREATE TABLE "ar_internal_metadata" ("key" character varying NOT NULL PRIMARY KEY, "value" character varying, "created_at" timestamp NOT NULL, "updated_at" timestamp NOT NULL)[0m
  ↳ bin/rails:9
  [1m[35m (0.2ms)[0m  [1m[34mSELECT pg_try_advisory_lock(7284918111191696115)[0m
  ↳ bin/rails:9
  [1m[35m (0.7ms)[0m  [1m[34mSELECT "schema_migrations"."version" FROM "schema_migrations" ORDER BY "schema_migrations"."version" ASC[0m
  ↳ bin/rails:9
Migrating to CreateUsers (20190906193801)
  [1m[35m (0.2ms)[0m  [1m[35mBEGIN[0m
  ↳ bin/rails:9
  [1m[35m (9.7ms)[0m  [1m[35mCREATE TABLE "users" ("id" bigserial primary key, "username" character varying, "company" character varying, "title" character varying, "city" character varying, "budget" integer, "alias_1" character varying, "alias_2" character varying, "alias_3" character varying, "created_at" timestamp NOT NULL, "updated_at" timestamp NOT NULL)[0m
  ↳ db/migrate/20190906193801_create_users.rb:3
  [1m[36mActiveRecord::SchemaMigration Create (0.8ms)[0m  [1m[32mINSERT INTO "schema_migrations" ("version") VALUES ($1) RETURNING "version"[0m  [["version", "20190906193801"]]
  ↳ bin/rails:9
  [1m[35m (1.8ms)[0m  [1m[35mCOMMIT[0m
  ↳ bin/rails:9
Migrating to CreateTeams (20190906193901)
  [1m[35m (0.2ms)[0m  [1m[35mBEGIN[0m
  ↳ bin/rails:9
  [1m[35m (9.4ms)[0m  [1m[35mCREATE TABLE "teams" ("id" bigserial primary key, "team_name" character varying, "created_at" timestamp NOT NULL, "updated_at" timestamp NOT NULL)[0m
  ↳ db/migrate/20190906193901_create_teams.rb:3
  [1m[36mActiveRecord::SchemaMigration Create (0.5ms)[0m  [1m[32mINSERT INTO "schema_migrations" ("version") VALUES ($1) RETURNING "version"[0m  [["version", "20190906193901"]]
  ↳ bin/rails:9
  [1m[35m (1.7ms)[0m  [1m[35mCOMMIT[0m
  ↳ bin/rails:9
Migrating to CreateUserTeams (20190906194525)
  [1m[35m (0.3ms)[0m  [1m[35mBEGIN[0m
  ↳ bin/rails:9
  [1m[35m (5.7ms)[0m  [1m[35mCREATE TABLE "user_teams" ("id" bigserial primary key, "user_id" integer, "team_id" integer, "created_at" timestamp NOT NULL, "updated_at" timestamp NOT NULL)[0m
  ↳ db/migrate/20190906194525_create_user_teams.rb:3
  [1m[36mActiveRecord::SchemaMigration Create (0.4ms)[0m  [1m[32mINSERT INTO "schema_migrations" ("version") VALUES ($1) RETURNING "version"[0m  [["version", "20190906194525"]]
  ↳ bin/rails:9
  [1m[35m (1.6ms)[0m  [1m[35mCOMMIT[0m
  ↳ bin/rails:9
  [1m[36mActiveRecord::InternalMetadata Load (0.5ms)[0m  [1m[34mSELECT  "ar_internal_metadata".* FROM "ar_internal_metadata" WHERE "ar_internal_metadata"."key" = $1 LIMIT $2[0m  [["key", "environment"], ["LIMIT", 1]]
  ↳ bin/rails:9
  [1m[35m (0.2ms)[0m  [1m[35mBEGIN[0m
  ↳ bin/rails:9
  [1m[36mActiveRecord::InternalMetadata Create (0.6ms)[0m  [1m[32mINSERT INTO "ar_internal_metadata" ("key", "value", "created_at", "updated_at") VALUES ($1, $2, $3, $4) RETURNING "key"[0m  [["key", "environment"], ["value", "development"], ["created_at", "2019-09-06 19:59:30.755080"], ["updated_at", "2019-09-06 19:59:30.755080"]]
  ↳ bin/rails:9
  [1m[35m (1.4ms)[0m  [1m[35mCOMMIT[0m
  ↳ bin/rails:9
  [1m[35m (0.4ms)[0m  [1m[34mSELECT pg_advisory_unlock(7284918111191696115)[0m
  ↳ bin/rails:9
  [1m[35m (0.7ms)[0m  [1m[34mSELECT "schema_migrations"."version" FROM "schema_migrations" ORDER BY "schema_migrations"."version" ASC[0m
  ↳ bin/rails:9
  [1m[35m (0.8ms)[0m  [1m[34mSELECT "schema_migrations"."version" FROM "schema_migrations" ORDER BY "schema_migrations"."version" ASC[0m
  ↳ bin/rails:9
  [1m[36mUser Load (0.6ms)[0m  [1m[34mSELECT "users".* FROM "users"[0m
  ↳ db/seeds.rb:9
  [1m[36mTeam Load (0.5ms)[0m  [1m[34mSELECT "teams".* FROM "teams"[0m
  ↳ db/seeds.rb:10
  [1m[36mUserTeam Load (0.5ms)[0m  [1m[34mSELECT "user_teams".* FROM "user_teams"[0m
  ↳ db/seeds.rb:11
  [1m[35m (0.2ms)[0m  [1m[35mBEGIN[0m
  ↳ db/seeds.rb:13
  [1m[36mUser Create (0.6ms)[0m  [1m[32mINSERT INTO "users" ("username", "company", "title", "city", "budget", "alias_1", "alias_2", "alias_3", "created_at", "updated_at") VALUES ($1, $2, $3, $4, $5, $6, $7, $8, $9, $10) RETURNING "id"[0m  [["username", "graceo"], ["company", "Grace Inc"], ["title", "CEO"], ["city", "Chicago"], ["budget", 1], ["alias_1", "Japanese"], ["alias_2", "Sandwich"], ["alias_3", "Coffee"], ["created_at", "2019-09-06 19:59:44.089979"], ["updated_at", "2019-09-06 19:59:44.089979"]]
  ↳ db/seeds.rb:13
  [1m[35m (6.0ms)[0m  [1m[35mCOMMIT[0m
  ↳ db/seeds.rb:13
  [1m[35m (0.1ms)[0m  [1m[35mBEGIN[0m
  ↳ db/seeds.rb:14
  [1m[36mUser Create (0.5ms)[0m  [1m[32mINSERT INTO "users" ("username", "company", "title", "city", "budget", "alias_1", "alias_2", "alias_3", "created_at", "updated_at") VALUES ($1, $2, $3, $4, $5, $6, $7, $8, $9, $10) RETURNING "id"[0m  [["username", "rothb"], ["company", "Grace Inc"], ["title", "CFO"], ["city", "Chicago"], ["budget", 4], ["alias_1", "Thai"], ["alias_2", "Soup"], ["alias_3", ""], ["created_at", "2019-09-06 19:59:44.100948"], ["updated_at", "2019-09-06 19:59:44.100948"]]
  ↳ db/seeds.rb:14
  [1m[35m (3.3ms)[0m  [1m[35mCOMMIT[0m
  ↳ db/seeds.rb:14
  [1m[35m (0.1ms)[0m  [1m[35mBEGIN[0m
  ↳ db/seeds.rb:15
  [1m[36mUser Create (0.5ms)[0m  [1m[32mINSERT INTO "users" ("username", "company", "title", "city", "budget", "alias_1", "alias_2", "alias_3", "created_at", "updated_at") VALUES ($1, $2, $3, $4, $5, $6, $7, $8, $9, $10) RETURNING "id"[0m  [["username", "mal"], ["company", "MalwareBytes"], ["title", "CTO"], ["city", "Chicago"], ["budget", 3], ["alias_1", "Italian"], ["alias_2", "Indian"], ["alias_3", "Pizza"], ["created_at", "2019-09-06 19:59:44.108445"], ["updated_at", "2019-09-06 19:59:44.108445"]]
  ↳ db/seeds.rb:15
  [1m[35m (3.3ms)[0m  [1m[35mCOMMIT[0m
  ↳ db/seeds.rb:15
  [1m[35m (0.2ms)[0m  [1m[35mBEGIN[0m
  ↳ db/seeds.rb:16
  [1m[36mUser Create (0.4ms)[0m  [1m[32mINSERT INTO "users" ("username", "company", "title", "city", "budget", "alias_1", "alias_2", "alias_3", "created_at", "updated_at") VALUES ($1, $2, $3, $4, $5, $6, $7, $8, $9, $10) RETURNING "id"[0m  [["username", "ada"], ["company", "Skynet"], ["title", "Intern"], ["city", "Chicago"], ["budget", 4], ["alias_1", "Burgers"], ["alias_2", "American"], ["alias_3", "Asian"], ["created_at", "2019-09-06 19:59:44.116379"], ["updated_at", "2019-09-06 19:59:44.116379"]]
  ↳ db/seeds.rb:16
  [1m[35m (3.2ms)[0m  [1m[35mCOMMIT[0m
  ↳ db/seeds.rb:16
  [1m[35m (0.2ms)[0m  [1m[35mBEGIN[0m
  ↳ db/seeds.rb:18
  [1m[36mTeam Create (0.6ms)[0m  [1m[32mINSERT INTO "teams" ("team_name", "created_at", "updated_at") VALUES ($1, $2, $3) RETURNING "id"[0m  [["team_name", "Phil and Grace"], ["created_at", "2019-09-06 19:59:44.133964"], ["updated_at", "2019-09-06 19:59:44.133964"]]
  ↳ db/seeds.rb:18
  [1m[35m (3.2ms)[0m  [1m[35mCOMMIT[0m
  ↳ db/seeds.rb:18
  [1m[35m (0.2ms)[0m  [1m[35mBEGIN[0m
  ↳ db/seeds.rb:19
  [1m[36mTeam Create (0.3ms)[0m  [1m[32mINSERT INTO "teams" ("team_name", "created_at", "updated_at") VALUES ($1, $2, $3) RETURNING "id"[0m  [["team_name", "Google Devs"], ["created_at", "2019-09-06 19:59:44.142886"], ["updated_at", "2019-09-06 19:59:44.142886"]]
  ↳ db/seeds.rb:19
  [1m[35m (3.3ms)[0m  [1m[35mCOMMIT[0m
  ↳ db/seeds.rb:19
  [1m[35m (1.0ms)[0m  [1m[35mBEGIN[0m
  ↳ db/seeds.rb:21
  [1m[36mTeam Load (0.3ms)[0m  [1m[34mSELECT  "teams".* FROM "teams" WHERE "teams"."id" = $1 LIMIT $2[0m  [["id", 1], ["LIMIT", 1]]
  ↳ db/seeds.rb:21
  [1m[36mUser Load (0.3ms)[0m  [1m[34mSELECT  "users".* FROM "users" WHERE "users"."id" = $1 LIMIT $2[0m  [["id", 1], ["LIMIT", 1]]
  ↳ db/seeds.rb:21
  [1m[36mUserTeam Create (0.6ms)[0m  [1m[32mINSERT INTO "user_teams" ("user_id", "team_id", "created_at", "updated_at") VALUES ($1, $2, $3, $4) RETURNING "id"[0m  [["user_id", 1], ["team_id", 1], ["created_at", "2019-09-06 19:59:44.187150"], ["updated_at", "2019-09-06 19:59:44.187150"]]
  ↳ db/seeds.rb:21
  [1m[35m (3.2ms)[0m  [1m[35mCOMMIT[0m
  ↳ db/seeds.rb:21
  [1m[35m (0.2ms)[0m  [1m[35mBEGIN[0m
  ↳ db/seeds.rb:22
  [1m[36mTeam Load (0.4ms)[0m  [1m[34mSELECT  "teams".* FROM "teams" WHERE "teams"."id" = $1 LIMIT $2[0m  [["id", 2], ["LIMIT", 1]]
  ↳ db/seeds.rb:22
  [1m[36mUser Load (0.3ms)[0m  [1m[34mSELECT  "users".* FROM "users" WHERE "users"."id" = $1 LIMIT $2[0m  [["id", 1], ["LIMIT", 1]]
  ↳ db/seeds.rb:22
  [1m[36mUserTeam Create (0.4ms)[0m  [1m[32mINSERT INTO "user_teams" ("user_id", "team_id", "created_at", "updated_at") VALUES ($1, $2, $3, $4) RETURNING "id"[0m  [["user_id", 1], ["team_id", 2], ["created_at", "2019-09-06 19:59:44.196745"], ["updated_at", "2019-09-06 19:59:44.196745"]]
  ↳ db/seeds.rb:22
  [1m[35m (3.2ms)[0m  [1m[35mCOMMIT[0m
  ↳ db/seeds.rb:22
  [1m[35m (0.1ms)[0m  [1m[35mBEGIN[0m
  ↳ db/seeds.rb:23
  [1m[36mTeam Load (0.3ms)[0m  [1m[34mSELECT  "teams".* FROM "teams" WHERE "teams"."id" = $1 LIMIT $2[0m  [["id", 1], ["LIMIT", 1]]
  ↳ db/seeds.rb:23
  [1m[36mUser Load (0.3ms)[0m  [1m[34mSELECT  "users".* FROM "users" WHERE "users"."id" = $1 LIMIT $2[0m  [["id", 2], ["LIMIT", 1]]
  ↳ db/seeds.rb:23
  [1m[36mUserTeam Create (0.4ms)[0m  [1m[32mINSERT INTO "user_teams" ("user_id", "team_id", "created_at", "updated_at") VALUES ($1, $2, $3, $4) RETURNING "id"[0m  [["user_id", 2], ["team_id", 1], ["created_at", "2019-09-06 19:59:44.204611"], ["updated_at", "2019-09-06 19:59:44.204611"]]
  ↳ db/seeds.rb:23
  [1m[35m (3.2ms)[0m  [1m[35mCOMMIT[0m
  ↳ db/seeds.rb:23
  [1m[35m (0.1ms)[0m  [1m[35mBEGIN[0m
  ↳ db/seeds.rb:24
  [1m[36mTeam Load (0.3ms)[0m  [1m[34mSELECT  "teams".* FROM "teams" WHERE "teams"."id" = $1 LIMIT $2[0m  [["id", 1], ["LIMIT", 1]]
  ↳ db/seeds.rb:24
  [1m[36mUser Load (0.3ms)[0m  [1m[34mSELECT  "users".* FROM "users" WHERE "users"."id" = $1 LIMIT $2[0m  [["id", 3], ["LIMIT", 1]]
  ↳ db/seeds.rb:24
  [1m[36mUserTeam Create (0.4ms)[0m  [1m[32mINSERT INTO "user_teams" ("user_id", "team_id", "created_at", "updated_at") VALUES ($1, $2, $3, $4) RETURNING "id"[0m  [["user_id", 3], ["team_id", 1], ["created_at", "2019-09-06 19:59:44.212544"], ["updated_at", "2019-09-06 19:59:44.212544"]]
  ↳ db/seeds.rb:24
  [1m[35m (3.3ms)[0m  [1m[35mCOMMIT[0m
  ↳ db/seeds.rb:24
  [1m[35m (0.1ms)[0m  [1m[35mBEGIN[0m
  ↳ db/seeds.rb:25
  [1m[36mTeam Load (0.2ms)[0m  [1m[34mSELECT  "teams".* FROM "teams" WHERE "teams"."id" = $1 LIMIT $2[0m  [["id", 2], ["LIMIT", 1]]
  ↳ db/seeds.rb:25
  [1m[36mUser Load (0.3ms)[0m  [1m[34mSELECT  "users".* FROM "users" WHERE "users"."id" = $1 LIMIT $2[0m  [["id", 4], ["LIMIT", 1]]
  ↳ db/seeds.rb:25
  [1m[36mUserTeam Create (0.4ms)[0m  [1m[32mINSERT INTO "user_teams" ("user_id", "team_id", "created_at", "updated_at") VALUES ($1, $2, $3, $4) RETURNING "id"[0m  [["user_id", 4], ["team_id", 2], ["created_at", "2019-09-06 19:59:44.220603"], ["updated_at", "2019-09-06 19:59:44.220603"]]
  ↳ db/seeds.rb:25
  [1m[35m (3.2ms)[0m  [1m[35mCOMMIT[0m
  ↳ db/seeds.rb:25
  [1m[35m (0.6ms)[0m  [1m[34mSELECT COUNT(*) FROM "teams"[0m
  [1m[35m (0.8ms)[0m  [1m[34mSELECT COUNT(*) FROM "users"[0m
  [1m[36mUser Load (0.4ms)[0m  [1m[34mSELECT  "users".* FROM "users" ORDER BY "users"."id" DESC LIMIT $1[0m  [["LIMIT", 1]]
  [1m[36mUser Load (0.9ms)[0m  [1m[34mSELECT  "users".* FROM "users" ORDER BY "users"."id" DESC LIMIT $1[0m  [["LIMIT", 1]]
  [1m[36mTeam Load (0.6ms)[0m  [1m[34mSELECT  "teams".* FROM "teams" INNER JOIN "user_teams" ON "teams"."id" = "user_teams"."team_id" WHERE "user_teams"."user_id" = $1 LIMIT $2[0m  [["user_id", 4], ["LIMIT", 11]]
  [1m[36mUser Load (0.9ms)[0m  [1m[34mSELECT  "users".* FROM "users" ORDER BY "users"."id" DESC LIMIT $1[0m  [["LIMIT", 1]]
  [1m[36mUser Load (0.7ms)[0m  [1m[34mSELECT  "users".* FROM "users" ORDER BY "users"."id" DESC LIMIT $1[0m  [["LIMIT", 1]]
  [1m[36mTeam Load (0.6ms)[0m  [1m[34mSELECT  "teams".* FROM "teams" INNER JOIN "user_teams" ON "teams"."id" = "user_teams"."team_id" WHERE "user_teams"."user_id" = $1 LIMIT $2[0m  [["user_id", 4], ["LIMIT", 11]]
  [1m[36mTeam Load (0.6ms)[0m  [1m[34mSELECT  "teams".* FROM "teams" ORDER BY "teams"."id" DESC LIMIT $1[0m  [["LIMIT", 1]]
  [1m[36mTeam Load (0.9ms)[0m  [1m[34mSELECT  "teams".* FROM "teams" ORDER BY "teams"."id" DESC LIMIT $1[0m  [["LIMIT", 1]]
  [1m[36mUser Load (0.5ms)[0m  [1m[34mSELECT  "users".* FROM "users" INNER JOIN "user_teams" ON "users"."id" = "user_teams"."user_id" WHERE "user_teams"."team_id" = $1 LIMIT $2[0m  [["team_id", 2], ["LIMIT", 11]]
Started GET "/" for ::1 at 2019-09-06 15:01:51 -0500
  [1m[35m (0.7ms)[0m  [1m[34mSELECT "schema_migrations"."version" FROM "schema_migrations" ORDER BY "schema_migrations"."version" ASC[0m
  ↳ /var/lib/gems/2.5.0/gems/activerecord-5.2.3/lib/active_record/log_subscriber.rb:98
Processing by Rails::WelcomeController#index as HTML
  Rendering /var/lib/gems/2.5.0/gems/railties-5.2.3/lib/rails/templates/rails/welcome/index.html.erb
  Rendered /var/lib/gems/2.5.0/gems/railties-5.2.3/lib/rails/templates/rails/welcome/index.html.erb (3.6ms)
Completed 200 OK in 9ms (Views: 7.4ms | ActiveRecord: 0.0ms)


Started GET "/users" for ::1 at 2019-09-06 15:01:55 -0500
Processing by UsersController#index as HTML
  [1m[36mUser Load (0.8ms)[0m  [1m[34mSELECT "users".* FROM "users"[0m
  ↳ app/controllers/users_controller.rb:5
Completed 200 OK in 46ms (Views: 22.3ms | ActiveRecord: 11.2ms)


Started GET "/users" for ::1 at 2019-09-06 15:01:58 -0500
Processing by UsersController#index as HTML
  [1m[36mUser Load (0.5ms)[0m  [1m[34mSELECT "users".* FROM "users"[0m
  ↳ app/controllers/users_controller.rb:5
Completed 200 OK in 4ms (Views: 3.5ms | ActiveRecord: 0.5ms)


Started GET "/users" for ::1 at 2019-09-06 15:02:13 -0500
  
SyntaxError (/home/phil/dev/projects/react-project-team-lunch/react-project-team-lunch-backend/team-lunch-backend/app/controllers/users_controller.rb:5: syntax error, unexpected [, expecting keyword_do or '{' or '('
... render json: @users, include [:team]
...                              ^):
  
app/controllers/users_controller.rb:5: syntax error, unexpected [, expecting keyword_do or '{' or '('
Started GET "/users" for ::1 at 2019-09-06 15:02:28 -0500
Processing by UsersController#index as HTML
  [1m[36mUser Load (0.4ms)[0m  [1m[34mSELECT "users".* FROM "users"[0m
  ↳ app/controllers/users_controller.rb:5
Completed 200 OK in 42ms (Views: 22.0ms | ActiveRecord: 9.0ms)


Started GET "/users" for ::1 at 2019-09-06 15:03:36 -0500
Processing by UsersController#index as HTML
  [1m[36mUser Load (0.5ms)[0m  [1m[34mSELECT "users".* FROM "users"[0m
  ↳ app/controllers/users_controller.rb:5
Completed 500 Internal Server Error in 52ms (ActiveRecord: 8.0ms)


  
NoMethodError (undefined method `user_team' for #<User:0x00007f175022e4a8>
Did you mean?  user_teams
               user_teams=):
  
app/controllers/users_controller.rb:5:in `index'
Started GET "/teams" for ::1 at 2019-09-06 15:04:38 -0500
Processing by TeamsController#index as HTML
  [1m[36mTeam Load (0.7ms)[0m  [1m[34mSELECT "teams".* FROM "teams"[0m
  ↳ app/controllers/teams_controller.rb:5
Completed 500 Internal Server Error in 27ms (ActiveRecord: 6.7ms)


  
NoMethodError (undefined method `user' for #<Team:0x00007f17502fe720>
Did you mean?  users):
  
app/controllers/teams_controller.rb:5:in `index'
Started GET "/teams" for ::1 at 2019-09-06 15:04:45 -0500
Processing by TeamsController#index as HTML
  [1m[36mTeam Load (0.4ms)[0m  [1m[34mSELECT "teams".* FROM "teams"[0m
  ↳ app/controllers/teams_controller.rb:5
  [1m[36mUser Load (0.7ms)[0m  [1m[34mSELECT "users".* FROM "users" INNER JOIN "user_teams" ON "users"."id" = "user_teams"."user_id" WHERE "user_teams"."team_id" = $1[0m  [["team_id", 1]]
  ↳ app/controllers/teams_controller.rb:5
  [1m[36mUser Load (0.6ms)[0m  [1m[34mSELECT "users".* FROM "users" INNER JOIN "user_teams" ON "users"."id" = "user_teams"."user_id" WHERE "user_teams"."team_id" = $1[0m  [["team_id", 2]]
  ↳ app/controllers/teams_controller.rb:5
Completed 200 OK in 90ms (Views: 68.3ms | ActiveRecord: 17.6ms)


Started GET "/users" for ::1 at 2019-09-06 15:05:13 -0500
Processing by UsersController#index as HTML
  [1m[36mUser Load (0.7ms)[0m  [1m[34mSELECT "users".* FROM "users"[0m
  ↳ app/controllers/users_controller.rb:5
  [1m[36mTeam Load (0.4ms)[0m  [1m[34mSELECT "teams".* FROM "teams" INNER JOIN "user_teams" ON "teams"."id" = "user_teams"."team_id" WHERE "user_teams"."user_id" = $1[0m  [["user_id", 1]]
  ↳ app/controllers/users_controller.rb:5
  [1m[36mTeam Load (0.5ms)[0m  [1m[34mSELECT "teams".* FROM "teams" INNER JOIN "user_teams" ON "teams"."id" = "user_teams"."team_id" WHERE "user_teams"."user_id" = $1[0m  [["user_id", 2]]
  ↳ app/controllers/users_controller.rb:5
  [1m[36mTeam Load (0.9ms)[0m  [1m[34mSELECT "teams".* FROM "teams" INNER JOIN "user_teams" ON "teams"."id" = "user_teams"."team_id" WHERE "user_teams"."user_id" = $1[0m  [["user_id", 3]]
  ↳ app/controllers/users_controller.rb:5
  [1m[36mTeam Load (0.7ms)[0m  [1m[34mSELECT "teams".* FROM "teams" INNER JOIN "user_teams" ON "teams"."id" = "user_teams"."team_id" WHERE "user_teams"."user_id" = $1[0m  [["user_id", 4]]
  ↳ app/controllers/users_controller.rb:5
Completed 200 OK in 76ms (Views: 55.8ms | ActiveRecord: 14.4ms)


Started GET "/users" for 10.198.66.254 at 2019-09-06 16:03:38 -0500
  [1m[35m (0.7ms)[0m  [1m[34mSELECT "schema_migrations"."version" FROM "schema_migrations" ORDER BY "schema_migrations"."version" ASC[0m
  ↳ /var/lib/gems/2.5.0/gems/activerecord-5.2.3/lib/active_record/log_subscriber.rb:98
Processing by UsersController#index as HTML
  [1m[36mUser Load (0.8ms)[0m  [1m[34mSELECT "users".* FROM "users"[0m
  ↳ app/controllers/users_controller.rb:5
  [1m[36mTeam Load (0.6ms)[0m  [1m[34mSELECT "teams".* FROM "teams" INNER JOIN "user_teams" ON "teams"."id" = "user_teams"."team_id" WHERE "user_teams"."user_id" = $1[0m  [["user_id", 1]]
  ↳ app/controllers/users_controller.rb:5
  [1m[36mTeam Load (0.6ms)[0m  [1m[34mSELECT "teams".* FROM "teams" INNER JOIN "user_teams" ON "teams"."id" = "user_teams"."team_id" WHERE "user_teams"."user_id" = $1[0m  [["user_id", 2]]
  ↳ app/controllers/users_controller.rb:5
  [1m[36mTeam Load (0.5ms)[0m  [1m[34mSELECT "teams".* FROM "teams" INNER JOIN "user_teams" ON "teams"."id" = "user_teams"."team_id" WHERE "user_teams"."user_id" = $1[0m  [["user_id", 3]]
  ↳ app/controllers/users_controller.rb:5
  [1m[36mTeam Load (0.5ms)[0m  [1m[34mSELECT "teams".* FROM "teams" INNER JOIN "user_teams" ON "teams"."id" = "user_teams"."team_id" WHERE "user_teams"."user_id" = $1[0m  [["user_id", 4]]
  ↳ app/controllers/users_controller.rb:5
Completed 200 OK in 99ms (Views: 71.4ms | ActiveRecord: 20.6ms)


Started GET "/users" for 10.198.66.254 at 2019-09-06 16:03:41 -0500
Processing by UsersController#index as HTML
  [1m[36mUser Load (0.6ms)[0m  [1m[34mSELECT "users".* FROM "users"[0m
  ↳ app/controllers/users_controller.rb:5
  [1m[36mTeam Load (0.7ms)[0m  [1m[34mSELECT "teams".* FROM "teams" INNER JOIN "user_teams" ON "teams"."id" = "user_teams"."team_id" WHERE "user_teams"."user_id" = $1[0m  [["user_id", 1]]
  ↳ app/controllers/users_controller.rb:5
  [1m[36mTeam Load (0.4ms)[0m  [1m[34mSELECT "teams".* FROM "teams" INNER JOIN "user_teams" ON "teams"."id" = "user_teams"."team_id" WHERE "user_teams"."user_id" = $1[0m  [["user_id", 2]]
  ↳ app/controllers/users_controller.rb:5
  [1m[36mTeam Load (0.4ms)[0m  [1m[34mSELECT "teams".* FROM "teams" INNER JOIN "user_teams" ON "teams"."id" = "user_teams"."team_id" WHERE "user_teams"."user_id" = $1[0m  [["user_id", 3]]
  ↳ app/controllers/users_controller.rb:5
  [1m[36mTeam Load (0.4ms)[0m  [1m[34mSELECT "teams".* FROM "teams" INNER JOIN "user_teams" ON "teams"."id" = "user_teams"."team_id" WHERE "user_teams"."user_id" = $1[0m  [["user_id", 4]]
  ↳ app/controllers/users_controller.rb:5
Completed 200 OK in 17ms (Views: 14.0ms | ActiveRecord: 2.4ms)


Started GET "/users" for 10.198.66.254 at 2019-09-06 16:17:12 -0500
  
SyntaxError (/home/phil/dev/projects/react-project-team-lunch/react-project-team-lunch-backend/app/controllers/users_controller.rb:23: syntax error, unexpected ')', expecting tSTRING_CONTENT or tSTRING_DBEG or tSTRING_DVAR or tSTRING_END
...ire(:user).permit(:username, :)
...                              ^):
  
app/controllers/users_controller.rb:23: syntax error, unexpected ')', expecting tSTRING_CONTENT or tSTRING_DBEG or tSTRING_DVAR or tSTRING_END
Started GET "/users" for 10.198.66.254 at 2019-09-06 16:17:20 -0500
  [1m[35m (0.8ms)[0m  [1m[34mSELECT "schema_migrations"."version" FROM "schema_migrations" ORDER BY "schema_migrations"."version" ASC[0m
  ↳ /var/lib/gems/2.5.0/gems/activerecord-5.2.3/lib/active_record/log_subscriber.rb:98
  
SyntaxError (/home/phil/dev/projects/react-project-team-lunch/react-project-team-lunch-backend/app/controllers/users_controller.rb:23: syntax error, unexpected ')', expecting tSTRING_CONTENT or tSTRING_DBEG or tSTRING_DVAR or tSTRING_END
...ire(:user).permit(:username, :)
...                              ^):
  
app/controllers/users_controller.rb:23: syntax error, unexpected ')', expecting tSTRING_CONTENT or tSTRING_DBEG or tSTRING_DVAR or tSTRING_END
Started GET "/users" for 10.198.66.254 at 2019-09-06 16:19:24 -0500
Processing by UsersController#index as HTML
  [1m[36mUser Load (0.6ms)[0m  [1m[34mSELECT "users".* FROM "users"[0m
  ↳ app/controllers/users_controller.rb:5
Completed 200 OK in 34ms (Views: 21.0ms | ActiveRecord: 6.9ms)


Started GET "/userteams" for 10.198.66.254 at 2019-09-06 16:19:35 -0500
  
ActionController::RoutingError (No route matches [GET] "/userteams"):
  
actionpack (5.2.3) lib/action_dispatch/middleware/debug_exceptions.rb:65:in `call'
actionpack (5.2.3) lib/action_dispatch/middleware/show_exceptions.rb:33:in `call'
railties (5.2.3) lib/rails/rack/logger.rb:38:in `call_app'
railties (5.2.3) lib/rails/rack/logger.rb:26:in `block in call'
activesupport (5.2.3) lib/active_support/tagged_logging.rb:71:in `block in tagged'
activesupport (5.2.3) lib/active_support/tagged_logging.rb:28:in `tagged'
activesupport (5.2.3) lib/active_support/tagged_logging.rb:71:in `tagged'
railties (5.2.3) lib/rails/rack/logger.rb:26:in `call'
actionpack (5.2.3) lib/action_dispatch/middleware/remote_ip.rb:81:in `call'
actionpack (5.2.3) lib/action_dispatch/middleware/request_id.rb:27:in `call'
rack (2.0.7) lib/rack/runtime.rb:22:in `call'
activesupport (5.2.3) lib/active_support/cache/strategy/local_cache_middleware.rb:29:in `call'
actionpack (5.2.3) lib/action_dispatch/middleware/executor.rb:14:in `call'
actionpack (5.2.3) lib/action_dispatch/middleware/static.rb:127:in `call'
rack (2.0.7) lib/rack/sendfile.rb:111:in `call'
rack-cors (1.0.3) lib/rack/cors.rb:95:in `call'
railties (5.2.3) lib/rails/engine.rb:524:in `call'
puma (3.12.1) lib/puma/configuration.rb:227:in `call'
puma (3.12.1) lib/puma/server.rb:660:in `handle_request'
puma (3.12.1) lib/puma/server.rb:474:in `process_client'
puma (3.12.1) lib/puma/server.rb:334:in `block in run'
puma (3.12.1) lib/puma/thread_pool.rb:135:in `block in spawn_thread'
Started GET "/user_teams" for 10.198.66.254 at 2019-09-06 16:19:43 -0500
  
AbstractController::ActionNotFound (The action 'index' could not be found for UserTeamsController):
  
actionpack (5.2.3) lib/abstract_controller/base.rb:129:in `process'
actionpack (5.2.3) lib/action_controller/metal.rb:191:in `dispatch'
actionpack (5.2.3) lib/action_controller/metal.rb:252:in `dispatch'
actionpack (5.2.3) lib/action_dispatch/routing/route_set.rb:52:in `dispatch'
actionpack (5.2.3) lib/action_dispatch/routing/route_set.rb:34:in `serve'
actionpack (5.2.3) lib/action_dispatch/journey/router.rb:52:in `block in serve'
actionpack (5.2.3) lib/action_dispatch/journey/router.rb:35:in `each'
actionpack (5.2.3) lib/action_dispatch/journey/router.rb:35:in `serve'
actionpack (5.2.3) lib/action_dispatch/routing/route_set.rb:840:in `call'
rack (2.0.7) lib/rack/etag.rb:25:in `call'
rack (2.0.7) lib/rack/conditional_get.rb:25:in `call'
rack (2.0.7) lib/rack/head.rb:12:in `call'
activerecord (5.2.3) lib/active_record/migration.rb:559:in `call'
actionpack (5.2.3) lib/action_dispatch/middleware/callbacks.rb:28:in `block in call'
activesupport (5.2.3) lib/active_support/callbacks.rb:98:in `run_callbacks'
actionpack (5.2.3) lib/action_dispatch/middleware/callbacks.rb:26:in `call'
actionpack (5.2.3) lib/action_dispatch/middleware/executor.rb:14:in `call'
actionpack (5.2.3) lib/action_dispatch/middleware/debug_exceptions.rb:61:in `call'
actionpack (5.2.3) lib/action_dispatch/middleware/show_exceptions.rb:33:in `call'
railties (5.2.3) lib/rails/rack/logger.rb:38:in `call_app'
railties (5.2.3) lib/rails/rack/logger.rb:26:in `block in call'
activesupport (5.2.3) lib/active_support/tagged_logging.rb:71:in `block in tagged'
activesupport (5.2.3) lib/active_support/tagged_logging.rb:28:in `tagged'
activesupport (5.2.3) lib/active_support/tagged_logging.rb:71:in `tagged'
railties (5.2.3) lib/rails/rack/logger.rb:26:in `call'
actionpack (5.2.3) lib/action_dispatch/middleware/remote_ip.rb:81:in `call'
actionpack (5.2.3) lib/action_dispatch/middleware/request_id.rb:27:in `call'
rack (2.0.7) lib/rack/runtime.rb:22:in `call'
activesupport (5.2.3) lib/active_support/cache/strategy/local_cache_middleware.rb:29:in `call'
actionpack (5.2.3) lib/action_dispatch/middleware/executor.rb:14:in `call'
actionpack (5.2.3) lib/action_dispatch/middleware/static.rb:127:in `call'
rack (2.0.7) lib/rack/sendfile.rb:111:in `call'
rack-cors (1.0.3) lib/rack/cors.rb:95:in `call'
railties (5.2.3) lib/rails/engine.rb:524:in `call'
puma (3.12.1) lib/puma/configuration.rb:227:in `call'
puma (3.12.1) lib/puma/server.rb:660:in `handle_request'
puma (3.12.1) lib/puma/server.rb:474:in `process_client'
puma (3.12.1) lib/puma/server.rb:334:in `block in run'
puma (3.12.1) lib/puma/thread_pool.rb:135:in `block in spawn_thread'
Started GET "/users" for 10.198.71.89 at 2019-09-06 16:20:18 -0500
Processing by UsersController#index as */*
  [1m[36mUser Load (0.4ms)[0m  [1m[34mSELECT "users".* FROM "users"[0m
  ↳ app/controllers/users_controller.rb:5
Completed 200 OK in 4ms (Views: 3.7ms | ActiveRecord: 0.4ms)


Started GET "/user_teams" for 10.198.66.254 at 2019-09-06 16:20:26 -0500
Processing by UserTeamsController#index as HTML
  [1m[36mUserTeam Load (0.6ms)[0m  [1m[34mSELECT "user_teams".* FROM "user_teams"[0m
  ↳ app/controllers/user_teams_controller.rb:4
Completed 200 OK in 23ms (Views: 8.6ms | ActiveRecord: 7.6ms)


Started GET "/users" for 10.198.71.89 at 2019-09-06 16:20:41 -0500
Processing by UsersController#index as */*
  [1m[36mUser Load (0.5ms)[0m  [1m[34mSELECT "users".* FROM "users"[0m
  ↳ app/controllers/users_controller.rb:5
Completed 200 OK in 34ms (Views: 24.7ms | ActiveRecord: 4.8ms)


Started GET "/users" for 10.198.71.89 at 2019-09-06 16:20:46 -0500
Processing by UsersController#index as */*
  [1m[36mUser Load (1.0ms)[0m  [1m[34mSELECT "users".* FROM "users"[0m
  ↳ app/controllers/users_controller.rb:5
Completed 200 OK in 6ms (Views: 4.3ms | ActiveRecord: 1.0ms)


Started GET "/users" for 10.198.71.89 at 2019-09-06 16:20:51 -0500
Processing by UsersController#index as */*
  [1m[36mUser Load (1.3ms)[0m  [1m[34mSELECT "users".* FROM "users"[0m
  ↳ app/controllers/users_controller.rb:5
Completed 200 OK in 5ms (Views: 3.5ms | ActiveRecord: 1.3ms)


Started GET "/users" for 10.198.71.89 at 2019-09-06 16:21:02 -0500
Processing by UsersController#index as */*
  [1m[36mUser Load (0.5ms)[0m  [1m[34mSELECT "users".* FROM "users"[0m
  ↳ app/controllers/users_controller.rb:5
Completed 200 OK in 5ms (Views: 4.2ms | ActiveRecord: 0.5ms)


Started GET "/users" for 10.198.71.89 at 2019-09-06 16:21:19 -0500
Processing by UsersController#index as */*
  [1m[36mUser Load (0.5ms)[0m  [1m[34mSELECT "users".* FROM "users"[0m
  ↳ app/controllers/users_controller.rb:5
Completed 200 OK in 4ms (Views: 2.8ms | ActiveRecord: 0.5ms)


Started GET "/users" for 10.198.71.89 at 2019-09-06 16:21:28 -0500
Processing by UsersController#index as */*
  [1m[36mUser Load (0.6ms)[0m  [1m[34mSELECT "users".* FROM "users"[0m
  ↳ app/controllers/users_controller.rb:5
Completed 200 OK in 4ms (Views: 2.9ms | ActiveRecord: 0.6ms)


Started GET "/users" for 10.198.71.89 at 2019-09-06 16:21:31 -0500
Processing by UsersController#index as */*
  [1m[36mUser Load (0.6ms)[0m  [1m[34mSELECT "users".* FROM "users"[0m
  ↳ app/controllers/users_controller.rb:5
Completed 200 OK in 5ms (Views: 4.2ms | ActiveRecord: 0.6ms)


Started GET "/users" for 10.198.71.89 at 2019-09-06 16:22:44 -0500
Processing by UsersController#index as */*
  [1m[36mUser Load (0.6ms)[0m  [1m[34mSELECT "users".* FROM "users"[0m
  ↳ app/controllers/users_controller.rb:5
Completed 200 OK in 5ms (Views: 4.1ms | ActiveRecord: 0.6ms)


Started GET "/users" for 10.198.71.89 at 2019-09-06 16:23:51 -0500
Processing by UsersController#index as */*
  [1m[36mUser Load (0.6ms)[0m  [1m[34mSELECT "users".* FROM "users"[0m
  ↳ app/controllers/users_controller.rb:5
Completed 200 OK in 6ms (Views: 4.5ms | ActiveRecord: 0.6ms)


Started GET "/users" for 10.198.71.89 at 2019-09-06 16:23:58 -0500
Processing by UsersController#index as */*
  [1m[36mUser Load (0.6ms)[0m  [1m[34mSELECT "users".* FROM "users"[0m
  ↳ app/controllers/users_controller.rb:5
Completed 200 OK in 5ms (Views: 4.3ms | ActiveRecord: 0.6ms)


Started GET "/users" for 10.198.71.89 at 2019-09-06 16:28:01 -0500
Processing by UsersController#index as */*
  [1m[36mUser Load (0.5ms)[0m  [1m[34mSELECT "users".* FROM "users"[0m
  ↳ app/controllers/users_controller.rb:5
Completed 200 OK in 5ms (Views: 3.9ms | ActiveRecord: 0.5ms)


Started GET "/users" for 10.198.71.89 at 2019-09-06 16:28:37 -0500
Processing by UsersController#index as */*
  [1m[36mUser Load (0.6ms)[0m  [1m[34mSELECT "users".* FROM "users"[0m
  ↳ app/controllers/users_controller.rb:5
Completed 200 OK in 5ms (Views: 4.2ms | ActiveRecord: 0.6ms)


Started GET "/users" for 10.198.71.89 at 2019-09-06 16:28:40 -0500
Processing by UsersController#index as */*
  [1m[36mUser Load (0.9ms)[0m  [1m[34mSELECT "users".* FROM "users"[0m
  ↳ app/controllers/users_controller.rb:5
Completed 200 OK in 6ms (Views: 5.0ms | ActiveRecord: 0.9ms)


Started GET "/users" for 10.198.71.89 at 2019-09-06 16:28:43 -0500
Processing by UsersController#index as */*
  [1m[36mUser Load (0.7ms)[0m  [1m[34mSELECT "users".* FROM "users"[0m
  ↳ app/controllers/users_controller.rb:5
Completed 200 OK in 5ms (Views: 3.7ms | ActiveRecord: 0.7ms)


Started GET "/users" for 10.198.71.89 at 2019-09-06 16:28:49 -0500
Processing by UsersController#index as */*
  [1m[36mUser Load (0.6ms)[0m  [1m[34mSELECT "users".* FROM "users"[0m
  ↳ app/controllers/users_controller.rb:5
Completed 200 OK in 5ms (Views: 4.3ms | ActiveRecord: 0.6ms)


Started GET "/users" for 10.198.71.89 at 2019-09-06 16:28:51 -0500
Processing by UsersController#index as */*
  [1m[36mUser Load (0.7ms)[0m  [1m[34mSELECT "users".* FROM "users"[0m
  ↳ app/controllers/users_controller.rb:5
Completed 200 OK in 6ms (Views: 4.5ms | ActiveRecord: 0.7ms)


Started GET "/users" for 10.198.71.89 at 2019-09-06 16:28:53 -0500
Processing by UsersController#index as */*
  [1m[36mUser Load (1.6ms)[0m  [1m[34mSELECT "users".* FROM "users"[0m
  ↳ app/controllers/users_controller.rb:5
Completed 200 OK in 9ms (Views: 7.0ms | ActiveRecord: 1.6ms)


Started GET "/users" for 10.198.71.89 at 2019-09-06 16:29:13 -0500
Processing by UsersController#index as */*
  [1m[36mUser Load (0.5ms)[0m  [1m[34mSELECT "users".* FROM "users"[0m
  ↳ app/controllers/users_controller.rb:5
Completed 200 OK in 4ms (Views: 3.0ms | ActiveRecord: 0.5ms)


Started GET "/users" for 10.198.71.89 at 2019-09-06 16:29:35 -0500
Processing by UsersController#index as */*
  [1m[36mUser Load (0.5ms)[0m  [1m[34mSELECT "users".* FROM "users"[0m
  ↳ app/controllers/users_controller.rb:5
Completed 200 OK in 4ms (Views: 3.6ms | ActiveRecord: 0.5ms)


Started GET "/users" for 10.198.71.89 at 2019-09-06 16:30:29 -0500
Processing by UsersController#index as */*
  [1m[36mUser Load (0.9ms)[0m  [1m[34mSELECT "users".* FROM "users"[0m
  ↳ app/controllers/users_controller.rb:5
Completed 200 OK in 5ms (Views: 3.5ms | ActiveRecord: 0.9ms)


Started GET "/users" for 10.198.71.89 at 2019-09-06 16:30:37 -0500
Processing by UsersController#index as */*
  [1m[36mUser Load (0.5ms)[0m  [1m[34mSELECT "users".* FROM "users"[0m
  ↳ app/controllers/users_controller.rb:5
Completed 200 OK in 11ms (Views: 10.4ms | ActiveRecord: 0.5ms)


Started GET "/users" for 10.198.71.89 at 2019-09-06 16:30:40 -0500
Processing by UsersController#index as */*
  [1m[36mUser Load (0.9ms)[0m  [1m[34mSELECT "users".* FROM "users"[0m
  ↳ app/controllers/users_controller.rb:5
Completed 200 OK in 6ms (Views: 4.7ms | ActiveRecord: 0.9ms)


Started GET "/users" for 10.198.71.89 at 2019-09-06 16:30:42 -0500
Processing by UsersController#index as */*
  [1m[36mUser Load (0.9ms)[0m  [1m[34mSELECT "users".* FROM "users"[0m
  ↳ app/controllers/users_controller.rb:5
Completed 200 OK in 8ms (Views: 6.6ms | ActiveRecord: 0.9ms)


Started GET "/users" for 10.198.71.89 at 2019-09-06 16:30:46 -0500
Processing by UsersController#index as */*
  [1m[36mUser Load (0.7ms)[0m  [1m[34mSELECT "users".* FROM "users"[0m
  ↳ app/controllers/users_controller.rb:5
Completed 200 OK in 5ms (Views: 4.1ms | ActiveRecord: 0.7ms)


Started GET "/users" for 10.198.71.89 at 2019-09-06 16:30:47 -0500
Processing by UsersController#index as */*
  [1m[36mUser Load (0.6ms)[0m  [1m[34mSELECT "users".* FROM "users"[0m
  ↳ app/controllers/users_controller.rb:5
Completed 200 OK in 5ms (Views: 3.8ms | ActiveRecord: 0.6ms)


Started GET "/users" for 10.198.71.89 at 2019-09-06 16:30:55 -0500
Processing by UsersController#index as */*
  [1m[36mUser Load (0.9ms)[0m  [1m[34mSELECT "users".* FROM "users"[0m
  ↳ app/controllers/users_controller.rb:5
Completed 200 OK in 6ms (Views: 4.7ms | ActiveRecord: 0.9ms)


Started GET "/users" for 10.198.71.89 at 2019-09-06 16:31:03 -0500
Processing by UsersController#index as */*
  [1m[36mUser Load (1.0ms)[0m  [1m[34mSELECT "users".* FROM "users"[0m
  ↳ app/controllers/users_controller.rb:5
Completed 200 OK in 5ms (Views: 3.9ms | ActiveRecord: 1.0ms)


Started GET "/users" for 10.198.71.89 at 2019-09-06 16:31:08 -0500
Processing by UsersController#index as */*
  [1m[36mUser Load (1.1ms)[0m  [1m[34mSELECT "users".* FROM "users"[0m
  ↳ app/controllers/users_controller.rb:5
Completed 200 OK in 7ms (Views: 5.0ms | ActiveRecord: 1.1ms)


Started GET "/users" for 10.198.71.89 at 2019-09-06 16:31:57 -0500
Processing by UsersController#index as */*
  [1m[36mUser Load (1.0ms)[0m  [1m[34mSELECT "users".* FROM "users"[0m
  ↳ app/controllers/users_controller.rb:5
Completed 200 OK in 6ms (Views: 4.9ms | ActiveRecord: 1.0ms)


Started GET "/users" for 10.198.71.89 at 2019-09-06 16:32:07 -0500
Processing by UsersController#index as */*
  [1m[36mUser Load (0.6ms)[0m  [1m[34mSELECT "users".* FROM "users"[0m
  ↳ app/controllers/users_controller.rb:5
Completed 200 OK in 4ms (Views: 3.2ms | ActiveRecord: 0.6ms)


Started GET "/users" for 10.198.71.89 at 2019-09-06 16:32:25 -0500
Processing by UsersController#index as */*
  [1m[36mUser Load (0.6ms)[0m  [1m[34mSELECT "users".* FROM "users"[0m
  ↳ app/controllers/users_controller.rb:5
Completed 200 OK in 6ms (Views: 4.9ms | ActiveRecord: 0.6ms)


Started GET "/users" for 10.198.71.89 at 2019-09-06 16:33:34 -0500
Processing by UsersController#index as */*
  [1m[36mUser Load (0.5ms)[0m  [1m[34mSELECT "users".* FROM "users"[0m
  ↳ app/controllers/users_controller.rb:5
Completed 200 OK in 4ms (Views: 2.9ms | ActiveRecord: 0.5ms)


Started GET "/users" for 10.198.71.89 at 2019-09-06 16:34:21 -0500
Processing by UsersController#index as */*
  [1m[36mUser Load (0.6ms)[0m  [1m[34mSELECT "users".* FROM "users"[0m
  ↳ app/controllers/users_controller.rb:5
Completed 200 OK in 6ms (Views: 4.6ms | ActiveRecord: 0.6ms)


Started GET "/users" for 10.198.71.89 at 2019-09-06 16:34:31 -0500
Processing by UsersController#index as */*
  [1m[36mUser Load (0.5ms)[0m  [1m[34mSELECT "users".* FROM "users"[0m
  ↳ app/controllers/users_controller.rb:5
Completed 200 OK in 5ms (Views: 3.6ms | ActiveRecord: 0.5ms)


Started GET "/users" for 10.198.71.89 at 2019-09-06 16:34:39 -0500
Processing by UsersController#index as */*
  [1m[36mUser Load (0.5ms)[0m  [1m[34mSELECT "users".* FROM "users"[0m
  ↳ app/controllers/users_controller.rb:5
Completed 200 OK in 6ms (Views: 4.8ms | ActiveRecord: 0.5ms)


Started GET "/users" for 10.198.71.89 at 2019-09-06 16:38:03 -0500
Processing by UsersController#index as */*
  [1m[36mUser Load (0.9ms)[0m  [1m[34mSELECT "users".* FROM "users"[0m
  ↳ app/controllers/users_controller.rb:5
Completed 200 OK in 6ms (Views: 5.1ms | ActiveRecord: 0.9ms)


Started GET "/users" for 10.198.71.89 at 2019-09-06 16:38:18 -0500
Processing by UsersController#index as */*
  [1m[36mUser Load (3.4ms)[0m  [1m[34mSELECT "users".* FROM "users"[0m
  ↳ app/controllers/users_controller.rb:5
Completed 200 OK in 7ms (Views: 2.9ms | ActiveRecord: 3.4ms)


Started GET "/users" for 10.198.71.89 at 2019-09-06 16:38:21 -0500
Processing by UsersController#index as */*
  [1m[36mUser Load (0.5ms)[0m  [1m[34mSELECT "users".* FROM "users"[0m
  ↳ app/controllers/users_controller.rb:5
Completed 200 OK in 5ms (Views: 3.7ms | ActiveRecord: 0.5ms)


Started GET "/users" for 10.198.71.89 at 2019-09-06 16:38:25 -0500
Processing by UsersController#index as */*
  [1m[36mUser Load (0.6ms)[0m  [1m[34mSELECT "users".* FROM "users"[0m
  ↳ app/controllers/users_controller.rb:5
Completed 200 OK in 5ms (Views: 4.4ms | ActiveRecord: 0.6ms)


Started GET "/users" for 10.198.66.142 at 2019-09-08 12:51:20 -0500
  [1m[35m (0.4ms)[0m  [1m[34mSELECT "schema_migrations"."version" FROM "schema_migrations" ORDER BY "schema_migrations"."version" ASC[0m
  ↳ /var/lib/gems/2.5.0/gems/activerecord-5.2.3/lib/active_record/log_subscriber.rb:98
Processing by UsersController#index as */*
  [1m[36mUser Load (0.6ms)[0m  [1m[34mSELECT "users".* FROM "users"[0m
  ↳ app/controllers/users_controller.rb:5
Completed 200 OK in 24ms (Views: 12.9ms | ActiveRecord: 7.1ms)


Started GET "/users" for 10.198.66.142 at 2019-09-08 12:52:07 -0500
Processing by UsersController#index as */*
  [1m[36mUser Load (0.8ms)[0m  [1m[34mSELECT "users".* FROM "users"[0m
  ↳ app/controllers/users_controller.rb:5
Completed 200 OK in 5ms (Views: 4.0ms | ActiveRecord: 0.8ms)


Started GET "/users" for 10.198.66.142 at 2019-09-08 12:52:22 -0500
Processing by UsersController#index as */*
  [1m[36mUser Load (0.6ms)[0m  [1m[34mSELECT "users".* FROM "users"[0m
  ↳ app/controllers/users_controller.rb:5
Completed 200 OK in 5ms (Views: 4.4ms | ActiveRecord: 0.6ms)


Started GET "/users" for 10.198.66.142 at 2019-09-08 12:52:44 -0500
Processing by UsersController#index as */*
  [1m[36mUser Load (0.3ms)[0m  [1m[34mSELECT "users".* FROM "users"[0m
  ↳ app/controllers/users_controller.rb:5
Completed 200 OK in 3ms (Views: 2.3ms | ActiveRecord: 0.3ms)


Started GET "/users" for 10.198.66.142 at 2019-09-08 12:53:04 -0500
Processing by UsersController#index as */*
  [1m[36mUser Load (0.5ms)[0m  [1m[34mSELECT "users".* FROM "users"[0m
  ↳ app/controllers/users_controller.rb:5
Completed 200 OK in 5ms (Views: 4.1ms | ActiveRecord: 0.5ms)


Started GET "/users" for 10.198.66.142 at 2019-09-08 12:53:14 -0500
Processing by UsersController#index as */*
  [1m[36mUser Load (0.6ms)[0m  [1m[34mSELECT "users".* FROM "users"[0m
  ↳ app/controllers/users_controller.rb:5
Completed 200 OK in 5ms (Views: 4.3ms | ActiveRecord: 0.6ms)


Started GET "/users" for 10.198.66.142 at 2019-09-08 12:53:18 -0500
Processing by UsersController#index as */*
  [1m[36mUser Load (0.7ms)[0m  [1m[34mSELECT "users".* FROM "users"[0m
  ↳ app/controllers/users_controller.rb:5
Completed 200 OK in 5ms (Views: 3.8ms | ActiveRecord: 0.7ms)


Started GET "/users" for 10.198.66.142 at 2019-09-08 12:55:17 -0500
Processing by UsersController#index as */*
  [1m[36mUser Load (0.7ms)[0m  [1m[34mSELECT "users".* FROM "users"[0m
  ↳ app/controllers/users_controller.rb:5
Completed 200 OK in 5ms (Views: 4.2ms | ActiveRecord: 0.7ms)


Started GET "/users" for 10.198.66.142 at 2019-09-08 12:55:26 -0500
Processing by UsersController#index as */*
  [1m[36mUser Load (0.6ms)[0m  [1m[34mSELECT "users".* FROM "users"[0m
  ↳ app/controllers/users_controller.rb:5
Completed 200 OK in 4ms (Views: 3.2ms | ActiveRecord: 0.6ms)


Started GET "/users" for 10.198.66.142 at 2019-09-08 13:06:38 -0500
Processing by UsersController#index as */*
  [1m[36mUser Load (1.2ms)[0m  [1m[34mSELECT "users".* FROM "users"[0m
  ↳ app/controllers/users_controller.rb:5
Completed 200 OK in 4ms (Views: 2.4ms | ActiveRecord: 1.2ms)


Started GET "/users" for 10.198.66.142 at 2019-09-08 13:07:25 -0500
Processing by UsersController#index as */*
  [1m[36mUser Load (1.0ms)[0m  [1m[34mSELECT "users".* FROM "users"[0m
  ↳ app/controllers/users_controller.rb:5
Completed 200 OK in 5ms (Views: 3.6ms | ActiveRecord: 1.0ms)


Started GET "/users" for 10.198.66.142 at 2019-09-08 13:07:30 -0500
Processing by UsersController#index as */*
  [1m[36mUser Load (0.7ms)[0m  [1m[34mSELECT "users".* FROM "users"[0m
  ↳ app/controllers/users_controller.rb:5
Completed 200 OK in 4ms (Views: 2.7ms | ActiveRecord: 0.7ms)


Started GET "/users" for 10.198.66.142 at 2019-09-08 13:07:36 -0500
Processing by UsersController#index as */*
  [1m[36mUser Load (0.3ms)[0m  [1m[34mSELECT "users".* FROM "users"[0m
  ↳ app/controllers/users_controller.rb:5
Completed 200 OK in 3ms (Views: 2.7ms | ActiveRecord: 0.3ms)


Started GET "/users" for 10.198.66.142 at 2019-09-08 13:07:38 -0500
Processing by UsersController#index as */*
  [1m[36mUser Load (0.5ms)[0m  [1m[34mSELECT "users".* FROM "users"[0m
  ↳ app/controllers/users_controller.rb:5
Completed 200 OK in 4ms (Views: 3.5ms | ActiveRecord: 0.5ms)


Started GET "/users" for 10.198.66.142 at 2019-09-08 13:07:43 -0500
Processing by UsersController#index as */*
  [1m[36mUser Load (0.7ms)[0m  [1m[34mSELECT "users".* FROM "users"[0m
  ↳ app/controllers/users_controller.rb:5
Completed 200 OK in 4ms (Views: 3.2ms | ActiveRecord: 0.7ms)


Started GET "/users" for 10.198.66.142 at 2019-09-08 13:07:46 -0500
Processing by UsersController#index as */*
  [1m[36mUser Load (0.7ms)[0m  [1m[34mSELECT "users".* FROM "users"[0m
  ↳ app/controllers/users_controller.rb:5
Completed 200 OK in 5ms (Views: 3.6ms | ActiveRecord: 0.7ms)


Started GET "/users" for 10.198.66.142 at 2019-09-08 13:08:00 -0500
Processing by UsersController#index as */*
  [1m[36mUser Load (0.7ms)[0m  [1m[34mSELECT "users".* FROM "users"[0m
  ↳ app/controllers/users_controller.rb:5
Completed 200 OK in 4ms (Views: 3.4ms | ActiveRecord: 0.7ms)


Started GET "/users" for 10.198.66.142 at 2019-09-08 13:08:03 -0500
Processing by UsersController#index as */*
  [1m[36mUser Load (0.3ms)[0m  [1m[34mSELECT "users".* FROM "users"[0m
  ↳ app/controllers/users_controller.rb:5
Completed 200 OK in 4ms (Views: 2.9ms | ActiveRecord: 0.3ms)


Started GET "/users" for 10.198.66.142 at 2019-09-08 13:08:07 -0500
Processing by UsersController#index as */*
  [1m[36mUser Load (0.4ms)[0m  [1m[34mSELECT "users".* FROM "users"[0m
  ↳ app/controllers/users_controller.rb:5
Completed 200 OK in 3ms (Views: 2.4ms | ActiveRecord: 0.4ms)


Started GET "/users" for 10.198.66.142 at 2019-09-08 13:08:11 -0500
Processing by UsersController#index as */*
  [1m[36mUser Load (0.4ms)[0m  [1m[34mSELECT "users".* FROM "users"[0m
  ↳ app/controllers/users_controller.rb:5
Completed 200 OK in 5ms (Views: 4.1ms | ActiveRecord: 0.4ms)


Started GET "/users" for 10.198.66.142 at 2019-09-08 13:09:01 -0500
Processing by UsersController#index as */*
  [1m[36mUser Load (0.5ms)[0m  [1m[34mSELECT "users".* FROM "users"[0m
  ↳ app/controllers/users_controller.rb:5
Completed 200 OK in 5ms (Views: 4.0ms | ActiveRecord: 0.5ms)


Started GET "/users" for 10.198.66.142 at 2019-09-08 13:11:28 -0500
Processing by UsersController#index as */*
  [1m[36mUser Load (0.4ms)[0m  [1m[34mSELECT "users".* FROM "users"[0m
  ↳ app/controllers/users_controller.rb:5
Completed 200 OK in 3ms (Views: 2.6ms | ActiveRecord: 0.4ms)


Started GET "/users" for 10.198.66.142 at 2019-09-08 13:12:04 -0500
Processing by UsersController#index as */*
  [1m[36mUser Load (0.7ms)[0m  [1m[34mSELECT "users".* FROM "users"[0m
  ↳ app/controllers/users_controller.rb:5
Completed 200 OK in 5ms (Views: 4.1ms | ActiveRecord: 0.7ms)


Started GET "/" for 10.198.66.254 at 2019-09-08 13:18:02 -0500
  [1m[35m (0.5ms)[0m  [1m[34mSELECT "schema_migrations"."version" FROM "schema_migrations" ORDER BY "schema_migrations"."version" ASC[0m
  ↳ /var/lib/gems/2.5.0/gems/activerecord-5.2.3/lib/active_record/log_subscriber.rb:98
Processing by Rails::WelcomeController#index as HTML
  Rendering /var/lib/gems/2.5.0/gems/railties-5.2.3/lib/rails/templates/rails/welcome/index.html.erb
  Rendered /var/lib/gems/2.5.0/gems/railties-5.2.3/lib/rails/templates/rails/welcome/index.html.erb (2.8ms)
Completed 200 OK in 7ms (Views: 6.2ms | ActiveRecord: 0.0ms)


Started GET "/users" for 10.198.66.142 at 2019-09-08 13:21:47 -0500
Processing by UsersController#index as */*
  [1m[36mUser Load (0.4ms)[0m  [1m[34mSELECT "users".* FROM "users"[0m
  ↳ app/controllers/users_controller.rb:5
Completed 200 OK in 23ms (Views: 14.9ms | ActiveRecord: 4.2ms)


Started GET "/users" for 10.198.66.142 at 2019-09-08 13:22:32 -0500
Processing by UsersController#index as */*
  [1m[36mUser Load (0.4ms)[0m  [1m[34mSELECT "users".* FROM "users"[0m
  ↳ app/controllers/users_controller.rb:5
Completed 200 OK in 4ms (Views: 3.1ms | ActiveRecord: 0.4ms)


Started GET "/users" for 10.198.66.142 at 2019-09-08 13:22:38 -0500
Processing by UsersController#index as */*
  [1m[36mUser Load (0.8ms)[0m  [1m[34mSELECT "users".* FROM "users"[0m
  ↳ app/controllers/users_controller.rb:5
Completed 200 OK in 7ms (Views: 6.0ms | ActiveRecord: 0.8ms)


Started GET "/users" for 10.198.66.142 at 2019-09-08 13:22:56 -0500
Processing by UsersController#index as */*
  [1m[36mUser Load (0.4ms)[0m  [1m[34mSELECT "users".* FROM "users"[0m
  ↳ app/controllers/users_controller.rb:5
Completed 200 OK in 3ms (Views: 2.5ms | ActiveRecord: 0.4ms)


Started GET "/users" for 10.198.66.142 at 2019-09-08 13:23:19 -0500
Processing by UsersController#index as */*
  [1m[36mUser Load (2.3ms)[0m  [1m[34mSELECT "users".* FROM "users"[0m
  ↳ app/controllers/users_controller.rb:5
Completed 200 OK in 5ms (Views: 2.1ms | ActiveRecord: 2.3ms)


Started GET "/users" for 10.198.66.142 at 2019-09-08 13:29:55 -0500
Processing by UsersController#index as */*
  [1m[36mUser Load (0.7ms)[0m  [1m[34mSELECT "users".* FROM "users"[0m
  ↳ app/controllers/users_controller.rb:5
Completed 200 OK in 4ms (Views: 3.2ms | ActiveRecord: 0.7ms)


Started GET "/users" for 10.198.66.142 at 2019-09-08 13:30:01 -0500
Processing by UsersController#index as */*
  [1m[36mUser Load (0.4ms)[0m  [1m[34mSELECT "users".* FROM "users"[0m
  ↳ app/controllers/users_controller.rb:5
Completed 200 OK in 3ms (Views: 2.3ms | ActiveRecord: 0.4ms)


Started GET "/users" for 10.198.66.142 at 2019-09-08 13:30:03 -0500
Processing by UsersController#index as */*
  [1m[36mUser Load (0.9ms)[0m  [1m[34mSELECT "users".* FROM "users"[0m
  ↳ app/controllers/users_controller.rb:5
Completed 200 OK in 6ms (Views: 4.5ms | ActiveRecord: 0.9ms)


Started GET "/users" for 10.198.66.142 at 2019-09-08 13:31:30 -0500
Processing by UsersController#index as */*
  [1m[36mUser Load (0.9ms)[0m  [1m[34mSELECT "users".* FROM "users"[0m
  ↳ app/controllers/users_controller.rb:5
Completed 200 OK in 5ms (Views: 3.0ms | ActiveRecord: 0.9ms)


Started GET "/users" for 10.198.66.142 at 2019-09-08 13:36:24 -0500
Processing by UsersController#index as */*
  [1m[36mUser Load (0.5ms)[0m  [1m[34mSELECT "users".* FROM "users"[0m
  ↳ app/controllers/users_controller.rb:5
Completed 200 OK in 4ms (Views: 3.5ms | ActiveRecord: 0.5ms)


Started GET "/users" for 10.198.66.142 at 2019-09-08 13:36:44 -0500
Processing by UsersController#index as */*
  [1m[36mUser Load (0.5ms)[0m  [1m[34mSELECT "users".* FROM "users"[0m
  ↳ app/controllers/users_controller.rb:5
Completed 200 OK in 4ms (Views: 3.3ms | ActiveRecord: 0.5ms)


Started GET "/users" for 10.198.66.142 at 2019-09-08 13:37:08 -0500
Processing by UsersController#index as */*
  [1m[36mUser Load (0.4ms)[0m  [1m[34mSELECT "users".* FROM "users"[0m
  ↳ app/controllers/users_controller.rb:5
Completed 200 OK in 3ms (Views: 2.7ms | ActiveRecord: 0.4ms)


Started GET "/users" for 10.198.66.142 at 2019-09-08 13:37:13 -0500
Processing by UsersController#index as */*
  [1m[36mUser Load (0.7ms)[0m  [1m[34mSELECT "users".* FROM "users"[0m
  ↳ app/controllers/users_controller.rb:5
Completed 200 OK in 5ms (Views: 3.9ms | ActiveRecord: 0.7ms)


Started GET "/users" for 10.198.66.142 at 2019-09-08 13:37:56 -0500
Processing by UsersController#index as */*
  [1m[36mUser Load (0.3ms)[0m  [1m[34mSELECT "users".* FROM "users"[0m
  ↳ app/controllers/users_controller.rb:5
Completed 200 OK in 24ms (Views: 11.1ms | ActiveRecord: 9.6ms)


Started GET "/users" for 10.198.66.142 at 2019-09-08 13:52:07 -0500
Processing by UsersController#index as */*
  [1m[36mUser Load (0.5ms)[0m  [1m[34mSELECT "users".* FROM "users"[0m
  ↳ app/controllers/users_controller.rb:5
Completed 200 OK in 22ms (Views: 11.9ms | ActiveRecord: 7.8ms)


  [1m[36mUser Load (0.3ms)[0m  [1m[34mSELECT  "users".* FROM "users" LIMIT $1[0m  [["LIMIT", 11]]
  [1m[35m (0.2ms)[0m  [1m[35mBEGIN[0m
  [1m[36mUser Exists (0.5ms)[0m  [1m[34mSELECT  1 AS one FROM "users" WHERE "users"."username" = $1 LIMIT $2[0m  [["username", "Phil"], ["LIMIT", 1]]
  [1m[35m (0.3ms)[0m  [1m[31mROLLBACK[0m
  [1m[36mUser Exists (0.3ms)[0m  [1m[34mSELECT  1 AS one FROM "users" WHERE "users"."username" = $1 LIMIT $2[0m  [["username", "Phil"], ["LIMIT", 1]]
Started GET "/" for 10.198.66.254 at 2019-09-08 14:00:33 -0500
Processing by Rails::WelcomeController#index as HTML
  Rendering /var/lib/gems/2.5.0/gems/railties-5.2.3/lib/rails/templates/rails/welcome/index.html.erb
  Rendered /var/lib/gems/2.5.0/gems/railties-5.2.3/lib/rails/templates/rails/welcome/index.html.erb (2.3ms)
Completed 200 OK in 9ms (Views: 3.5ms | ActiveRecord: 0.0ms)


Started GET "/users" for 10.198.66.254 at 2019-09-08 14:00:38 -0500
Processing by UsersController#index as HTML
  [1m[36mUser Load (0.7ms)[0m  [1m[34mSELECT "users".* FROM "users"[0m
  ↳ app/controllers/users_controller.rb:5
Completed 200 OK in 25ms (Views: 10.9ms | ActiveRecord: 7.1ms)


Started GET "/users" for 10.198.66.254 at 2019-09-08 14:00:41 -0500
Processing by UsersController#index as HTML
  [1m[36mUser Load (0.3ms)[0m  [1m[34mSELECT "users".* FROM "users"[0m
  ↳ app/controllers/users_controller.rb:5
Completed 200 OK in 3ms (Views: 2.1ms | ActiveRecord: 0.3ms)


Started GET "/users" for 10.198.66.254 at 2019-09-08 14:11:50 -0500
  [1m[35m (0.7ms)[0m  [1m[34mSELECT "schema_migrations"."version" FROM "schema_migrations" ORDER BY "schema_migrations"."version" ASC[0m
  ↳ /var/lib/gems/2.5.0/gems/activerecord-5.2.3/lib/active_record/log_subscriber.rb:98
Processing by UsersController#index as HTML
  [1m[36mUser Load (0.5ms)[0m  [1m[34mSELECT "users".* FROM "users"[0m
  ↳ app/controllers/users_controller.rb:5
Completed 200 OK in 29ms (Views: 16.6ms | ActiveRecord: 7.1ms)


Started GET "/api/v1/yelp" for 10.198.66.254 at 2019-09-08 14:11:56 -0500
  
AbstractController::ActionNotFound (The action 'index' could not be found for Api::V1::YelpController):
  
actionpack (5.2.3) lib/abstract_controller/base.rb:129:in `process'
actionpack (5.2.3) lib/action_controller/metal.rb:191:in `dispatch'
actionpack (5.2.3) lib/action_controller/metal.rb:252:in `dispatch'
actionpack (5.2.3) lib/action_dispatch/routing/route_set.rb:52:in `dispatch'
actionpack (5.2.3) lib/action_dispatch/routing/route_set.rb:34:in `serve'
actionpack (5.2.3) lib/action_dispatch/journey/router.rb:52:in `block in serve'
actionpack (5.2.3) lib/action_dispatch/journey/router.rb:35:in `each'
actionpack (5.2.3) lib/action_dispatch/journey/router.rb:35:in `serve'
actionpack (5.2.3) lib/action_dispatch/routing/route_set.rb:840:in `call'
rack (2.0.7) lib/rack/etag.rb:25:in `call'
rack (2.0.7) lib/rack/conditional_get.rb:25:in `call'
rack (2.0.7) lib/rack/head.rb:12:in `call'
activerecord (5.2.3) lib/active_record/migration.rb:559:in `call'
actionpack (5.2.3) lib/action_dispatch/middleware/callbacks.rb:28:in `block in call'
activesupport (5.2.3) lib/active_support/callbacks.rb:98:in `run_callbacks'
actionpack (5.2.3) lib/action_dispatch/middleware/callbacks.rb:26:in `call'
actionpack (5.2.3) lib/action_dispatch/middleware/executor.rb:14:in `call'
actionpack (5.2.3) lib/action_dispatch/middleware/debug_exceptions.rb:61:in `call'
actionpack (5.2.3) lib/action_dispatch/middleware/show_exceptions.rb:33:in `call'
railties (5.2.3) lib/rails/rack/logger.rb:38:in `call_app'
railties (5.2.3) lib/rails/rack/logger.rb:26:in `block in call'
activesupport (5.2.3) lib/active_support/tagged_logging.rb:71:in `block in tagged'
activesupport (5.2.3) lib/active_support/tagged_logging.rb:28:in `tagged'
activesupport (5.2.3) lib/active_support/tagged_logging.rb:71:in `tagged'
railties (5.2.3) lib/rails/rack/logger.rb:26:in `call'
actionpack (5.2.3) lib/action_dispatch/middleware/remote_ip.rb:81:in `call'
actionpack (5.2.3) lib/action_dispatch/middleware/request_id.rb:27:in `call'
rack (2.0.7) lib/rack/runtime.rb:22:in `call'
activesupport (5.2.3) lib/active_support/cache/strategy/local_cache_middleware.rb:29:in `call'
actionpack (5.2.3) lib/action_dispatch/middleware/executor.rb:14:in `call'
actionpack (5.2.3) lib/action_dispatch/middleware/static.rb:127:in `call'
rack (2.0.7) lib/rack/sendfile.rb:111:in `call'
rack-cors (1.0.3) lib/rack/cors.rb:95:in `call'
railties (5.2.3) lib/rails/engine.rb:524:in `call'
puma (3.12.1) lib/puma/configuration.rb:227:in `call'
puma (3.12.1) lib/puma/server.rb:660:in `handle_request'
puma (3.12.1) lib/puma/server.rb:474:in `process_client'
puma (3.12.1) lib/puma/server.rb:334:in `block in run'
puma (3.12.1) lib/puma/thread_pool.rb:135:in `block in spawn_thread'
Started GET "/api/v1/yelp" for 10.198.66.254 at 2019-09-08 14:16:13 -0500
  
AbstractController::ActionNotFound (The action 'fetch' could not be found for Api::V1::YelpController):
  
actionpack (5.2.3) lib/abstract_controller/base.rb:129:in `process'
actionpack (5.2.3) lib/action_controller/metal.rb:191:in `dispatch'
actionpack (5.2.3) lib/action_controller/metal.rb:252:in `dispatch'
actionpack (5.2.3) lib/action_dispatch/routing/route_set.rb:52:in `dispatch'
actionpack (5.2.3) lib/action_dispatch/routing/route_set.rb:34:in `serve'
actionpack (5.2.3) lib/action_dispatch/journey/router.rb:52:in `block in serve'
actionpack (5.2.3) lib/action_dispatch/journey/router.rb:35:in `each'
actionpack (5.2.3) lib/action_dispatch/journey/router.rb:35:in `serve'
actionpack (5.2.3) lib/action_dispatch/routing/route_set.rb:840:in `call'
rack (2.0.7) lib/rack/etag.rb:25:in `call'
rack (2.0.7) lib/rack/conditional_get.rb:25:in `call'
rack (2.0.7) lib/rack/head.rb:12:in `call'
activerecord (5.2.3) lib/active_record/migration.rb:559:in `call'
actionpack (5.2.3) lib/action_dispatch/middleware/callbacks.rb:28:in `block in call'
activesupport (5.2.3) lib/active_support/callbacks.rb:98:in `run_callbacks'
actionpack (5.2.3) lib/action_dispatch/middleware/callbacks.rb:26:in `call'
actionpack (5.2.3) lib/action_dispatch/middleware/executor.rb:14:in `call'
actionpack (5.2.3) lib/action_dispatch/middleware/debug_exceptions.rb:61:in `call'
actionpack (5.2.3) lib/action_dispatch/middleware/show_exceptions.rb:33:in `call'
railties (5.2.3) lib/rails/rack/logger.rb:38:in `call_app'
railties (5.2.3) lib/rails/rack/logger.rb:26:in `block in call'
activesupport (5.2.3) lib/active_support/tagged_logging.rb:71:in `block in tagged'
activesupport (5.2.3) lib/active_support/tagged_logging.rb:28:in `tagged'
activesupport (5.2.3) lib/active_support/tagged_logging.rb:71:in `tagged'
railties (5.2.3) lib/rails/rack/logger.rb:26:in `call'
actionpack (5.2.3) lib/action_dispatch/middleware/remote_ip.rb:81:in `call'
actionpack (5.2.3) lib/action_dispatch/middleware/request_id.rb:27:in `call'
rack (2.0.7) lib/rack/runtime.rb:22:in `call'
activesupport (5.2.3) lib/active_support/cache/strategy/local_cache_middleware.rb:29:in `call'
actionpack (5.2.3) lib/action_dispatch/middleware/executor.rb:14:in `call'
actionpack (5.2.3) lib/action_dispatch/middleware/static.rb:127:in `call'
rack (2.0.7) lib/rack/sendfile.rb:111:in `call'
rack-cors (1.0.3) lib/rack/cors.rb:95:in `call'
railties (5.2.3) lib/rails/engine.rb:524:in `call'
puma (3.12.1) lib/puma/configuration.rb:227:in `call'
puma (3.12.1) lib/puma/server.rb:660:in `handle_request'
puma (3.12.1) lib/puma/server.rb:474:in `process_client'
puma (3.12.1) lib/puma/server.rb:334:in `block in run'
puma (3.12.1) lib/puma/thread_pool.rb:135:in `block in spawn_thread'
Started GET "/api/v1/yelp" for 10.198.66.254 at 2019-09-08 14:16:25 -0500
  
AbstractController::ActionNotFound (The action 'fetch' could not be found for Api::V1::YelpController):
  
actionpack (5.2.3) lib/abstract_controller/base.rb:129:in `process'
actionpack (5.2.3) lib/action_controller/metal.rb:191:in `dispatch'
actionpack (5.2.3) lib/action_controller/metal.rb:252:in `dispatch'
actionpack (5.2.3) lib/action_dispatch/routing/route_set.rb:52:in `dispatch'
actionpack (5.2.3) lib/action_dispatch/routing/route_set.rb:34:in `serve'
actionpack (5.2.3) lib/action_dispatch/journey/router.rb:52:in `block in serve'
actionpack (5.2.3) lib/action_dispatch/journey/router.rb:35:in `each'
actionpack (5.2.3) lib/action_dispatch/journey/router.rb:35:in `serve'
actionpack (5.2.3) lib/action_dispatch/routing/route_set.rb:840:in `call'
rack (2.0.7) lib/rack/etag.rb:25:in `call'
rack (2.0.7) lib/rack/conditional_get.rb:25:in `call'
rack (2.0.7) lib/rack/head.rb:12:in `call'
activerecord (5.2.3) lib/active_record/migration.rb:559:in `call'
actionpack (5.2.3) lib/action_dispatch/middleware/callbacks.rb:28:in `block in call'
activesupport (5.2.3) lib/active_support/callbacks.rb:98:in `run_callbacks'
actionpack (5.2.3) lib/action_dispatch/middleware/callbacks.rb:26:in `call'
actionpack (5.2.3) lib/action_dispatch/middleware/executor.rb:14:in `call'
actionpack (5.2.3) lib/action_dispatch/middleware/debug_exceptions.rb:61:in `call'
actionpack (5.2.3) lib/action_dispatch/middleware/show_exceptions.rb:33:in `call'
railties (5.2.3) lib/rails/rack/logger.rb:38:in `call_app'
railties (5.2.3) lib/rails/rack/logger.rb:26:in `block in call'
activesupport (5.2.3) lib/active_support/tagged_logging.rb:71:in `block in tagged'
activesupport (5.2.3) lib/active_support/tagged_logging.rb:28:in `tagged'
activesupport (5.2.3) lib/active_support/tagged_logging.rb:71:in `tagged'
railties (5.2.3) lib/rails/rack/logger.rb:26:in `call'
actionpack (5.2.3) lib/action_dispatch/middleware/remote_ip.rb:81:in `call'
actionpack (5.2.3) lib/action_dispatch/middleware/request_id.rb:27:in `call'
rack (2.0.7) lib/rack/runtime.rb:22:in `call'
activesupport (5.2.3) lib/active_support/cache/strategy/local_cache_middleware.rb:29:in `call'
actionpack (5.2.3) lib/action_dispatch/middleware/executor.rb:14:in `call'
actionpack (5.2.3) lib/action_dispatch/middleware/static.rb:127:in `call'
rack (2.0.7) lib/rack/sendfile.rb:111:in `call'
rack-cors (1.0.3) lib/rack/cors.rb:95:in `call'
railties (5.2.3) lib/rails/engine.rb:524:in `call'
puma (3.12.1) lib/puma/configuration.rb:227:in `call'
puma (3.12.1) lib/puma/server.rb:660:in `handle_request'
puma (3.12.1) lib/puma/server.rb:474:in `process_client'
puma (3.12.1) lib/puma/server.rb:334:in `block in run'
puma (3.12.1) lib/puma/thread_pool.rb:135:in `block in spawn_thread'
Started GET "/api/v1/yelp" for 10.198.66.254 at 2019-09-08 14:16:26 -0500
  
AbstractController::ActionNotFound (The action 'fetch' could not be found for Api::V1::YelpController):
  
actionpack (5.2.3) lib/abstract_controller/base.rb:129:in `process'
actionpack (5.2.3) lib/action_controller/metal.rb:191:in `dispatch'
actionpack (5.2.3) lib/action_controller/metal.rb:252:in `dispatch'
actionpack (5.2.3) lib/action_dispatch/routing/route_set.rb:52:in `dispatch'
actionpack (5.2.3) lib/action_dispatch/routing/route_set.rb:34:in `serve'
actionpack (5.2.3) lib/action_dispatch/journey/router.rb:52:in `block in serve'
actionpack (5.2.3) lib/action_dispatch/journey/router.rb:35:in `each'
actionpack (5.2.3) lib/action_dispatch/journey/router.rb:35:in `serve'
actionpack (5.2.3) lib/action_dispatch/routing/route_set.rb:840:in `call'
rack (2.0.7) lib/rack/etag.rb:25:in `call'
rack (2.0.7) lib/rack/conditional_get.rb:25:in `call'
rack (2.0.7) lib/rack/head.rb:12:in `call'
activerecord (5.2.3) lib/active_record/migration.rb:559:in `call'
actionpack (5.2.3) lib/action_dispatch/middleware/callbacks.rb:28:in `block in call'
activesupport (5.2.3) lib/active_support/callbacks.rb:98:in `run_callbacks'
actionpack (5.2.3) lib/action_dispatch/middleware/callbacks.rb:26:in `call'
actionpack (5.2.3) lib/action_dispatch/middleware/executor.rb:14:in `call'
actionpack (5.2.3) lib/action_dispatch/middleware/debug_exceptions.rb:61:in `call'
actionpack (5.2.3) lib/action_dispatch/middleware/show_exceptions.rb:33:in `call'
railties (5.2.3) lib/rails/rack/logger.rb:38:in `call_app'
railties (5.2.3) lib/rails/rack/logger.rb:26:in `block in call'
activesupport (5.2.3) lib/active_support/tagged_logging.rb:71:in `block in tagged'
activesupport (5.2.3) lib/active_support/tagged_logging.rb:28:in `tagged'
activesupport (5.2.3) lib/active_support/tagged_logging.rb:71:in `tagged'
railties (5.2.3) lib/rails/rack/logger.rb:26:in `call'
actionpack (5.2.3) lib/action_dispatch/middleware/remote_ip.rb:81:in `call'
actionpack (5.2.3) lib/action_dispatch/middleware/request_id.rb:27:in `call'
rack (2.0.7) lib/rack/runtime.rb:22:in `call'
activesupport (5.2.3) lib/active_support/cache/strategy/local_cache_middleware.rb:29:in `call'
actionpack (5.2.3) lib/action_dispatch/middleware/executor.rb:14:in `call'
actionpack (5.2.3) lib/action_dispatch/middleware/static.rb:127:in `call'
rack (2.0.7) lib/rack/sendfile.rb:111:in `call'
rack-cors (1.0.3) lib/rack/cors.rb:95:in `call'
railties (5.2.3) lib/rails/engine.rb:524:in `call'
puma (3.12.1) lib/puma/configuration.rb:227:in `call'
puma (3.12.1) lib/puma/server.rb:660:in `handle_request'
puma (3.12.1) lib/puma/server.rb:474:in `process_client'
puma (3.12.1) lib/puma/server.rb:334:in `block in run'
puma (3.12.1) lib/puma/thread_pool.rb:135:in `block in spawn_thread'
Started GET "/api/v1/yelp" for 10.198.66.254 at 2019-09-08 14:16:31 -0500
Processing by Api::V1::YelpController#search as HTML
Completed 500 Internal Server Error in 0ms (ActiveRecord: 0.0ms)


  
URI::InvalidURIError (bad URI(no host provided): http://):
  
app/controllers/api/v1/yelp_controller.rb:9:in `search'
Started GET "/api/v1/yelp" for 10.198.66.254 at 2019-09-08 14:40:29 -0500
  [1m[35m (1.0ms)[0m  [1m[34mSELECT "schema_migrations"."version" FROM "schema_migrations" ORDER BY "schema_migrations"."version" ASC[0m
  ↳ /var/lib/gems/2.5.0/gems/activerecord-5.2.3/lib/active_record/log_subscriber.rb:98
Processing by Api::V1::YelpController#fetch as HTML
Completed 500 Internal Server Error in 271ms (ActiveRecord: 0.0ms)


  
RestClient::BadRequest (400 Bad Request):
  
app/controllers/api/v1/yelp_controller.rb:19:in `fetch'
Started GET "/api/v1/search" for 10.198.66.254 at 2019-09-08 14:45:01 -0500
  
ActionController::RoutingError (No route matches [GET] "/api/v1/search"):
  
actionpack (5.2.3) lib/action_dispatch/middleware/debug_exceptions.rb:65:in `call'
actionpack (5.2.3) lib/action_dispatch/middleware/show_exceptions.rb:33:in `call'
railties (5.2.3) lib/rails/rack/logger.rb:38:in `call_app'
railties (5.2.3) lib/rails/rack/logger.rb:26:in `block in call'
activesupport (5.2.3) lib/active_support/tagged_logging.rb:71:in `block in tagged'
activesupport (5.2.3) lib/active_support/tagged_logging.rb:28:in `tagged'
activesupport (5.2.3) lib/active_support/tagged_logging.rb:71:in `tagged'
railties (5.2.3) lib/rails/rack/logger.rb:26:in `call'
actionpack (5.2.3) lib/action_dispatch/middleware/remote_ip.rb:81:in `call'
actionpack (5.2.3) lib/action_dispatch/middleware/request_id.rb:27:in `call'
rack (2.0.7) lib/rack/runtime.rb:22:in `call'
activesupport (5.2.3) lib/active_support/cache/strategy/local_cache_middleware.rb:29:in `call'
actionpack (5.2.3) lib/action_dispatch/middleware/executor.rb:14:in `call'
actionpack (5.2.3) lib/action_dispatch/middleware/static.rb:127:in `call'
rack (2.0.7) lib/rack/sendfile.rb:111:in `call'
rack-cors (1.0.3) lib/rack/cors.rb:95:in `call'
railties (5.2.3) lib/rails/engine.rb:524:in `call'
puma (3.12.1) lib/puma/configuration.rb:227:in `call'
puma (3.12.1) lib/puma/server.rb:660:in `handle_request'
puma (3.12.1) lib/puma/server.rb:474:in `process_client'
puma (3.12.1) lib/puma/server.rb:334:in `block in run'
puma (3.12.1) lib/puma/thread_pool.rb:135:in `block in spawn_thread'
Started GET "/api/v1/search" for 10.198.66.254 at 2019-09-08 14:45:15 -0500
  
ActionController::RoutingError (No route matches [GET] "/api/v1/search"):
  
actionpack (5.2.3) lib/action_dispatch/middleware/debug_exceptions.rb:65:in `call'
actionpack (5.2.3) lib/action_dispatch/middleware/show_exceptions.rb:33:in `call'
railties (5.2.3) lib/rails/rack/logger.rb:38:in `call_app'
railties (5.2.3) lib/rails/rack/logger.rb:26:in `block in call'
activesupport (5.2.3) lib/active_support/tagged_logging.rb:71:in `block in tagged'
activesupport (5.2.3) lib/active_support/tagged_logging.rb:28:in `tagged'
activesupport (5.2.3) lib/active_support/tagged_logging.rb:71:in `tagged'
railties (5.2.3) lib/rails/rack/logger.rb:26:in `call'
actionpack (5.2.3) lib/action_dispatch/middleware/remote_ip.rb:81:in `call'
actionpack (5.2.3) lib/action_dispatch/middleware/request_id.rb:27:in `call'
rack (2.0.7) lib/rack/runtime.rb:22:in `call'
activesupport (5.2.3) lib/active_support/cache/strategy/local_cache_middleware.rb:29:in `call'
actionpack (5.2.3) lib/action_dispatch/middleware/executor.rb:14:in `call'
actionpack (5.2.3) lib/action_dispatch/middleware/static.rb:127:in `call'
rack (2.0.7) lib/rack/sendfile.rb:111:in `call'
rack-cors (1.0.3) lib/rack/cors.rb:95:in `call'
railties (5.2.3) lib/rails/engine.rb:524:in `call'
puma (3.12.1) lib/puma/configuration.rb:227:in `call'
puma (3.12.1) lib/puma/server.rb:660:in `handle_request'
puma (3.12.1) lib/puma/server.rb:474:in `process_client'
puma (3.12.1) lib/puma/server.rb:334:in `block in run'
puma (3.12.1) lib/puma/thread_pool.rb:135:in `block in spawn_thread'
Started GET "/api/v1/search" for 10.198.66.254 at 2019-09-08 14:45:24 -0500
Processing by Api::V1::YelpController#search as HTML
Completed 500 Internal Server Error in 1ms (ActiveRecord: 0.0ms)


  
Yelp::Error::MissingAPIKeys (You're missing an API key):
  
app/controllers/api/v1/yelp_controller.rb:16:in `search'
Started GET "/users" for 10.198.66.142 at 2019-09-08 14:45:35 -0500
Processing by UsersController#index as */*
  [1m[36mUser Load (0.4ms)[0m  [1m[34mSELECT "users".* FROM "users"[0m
  ↳ app/controllers/users_controller.rb:5
Completed 200 OK in 21ms (Views: 12.1ms | ActiveRecord: 5.2ms)


Started GET "/api/v1/search" for 10.198.66.254 at 2019-09-08 14:45:48 -0500
Processing by Api::V1::YelpController#search as HTML
Completed 500 Internal Server Error in 157697ms (ActiveRecord: 0.0ms)


  
SystemExit (exit):
  
(byebug):1:in `exit'
(byebug):1:in `search'
app/controllers/api/v1/yelp_controller.rb:17:in `search'
Started GET "/api/v1/search" for 10.198.66.254 at 2019-09-08 14:48:26 -0500
Processing by Api::V1::YelpController#search as HTML
Completed 500 Internal Server Error in 13521ms (ActiveRecord: 0.0ms)


  
SystemExit (exit):
Started GET "/api/v1/search" for 10.198.66.254 at 2019-09-08 14:48:40 -0500
  
(byebug):1:in `exit'
(byebug):1:in `search'
app/controllers/api/v1/yelp_controller.rb:17:in `search'
Processing by Api::V1::YelpController#search as HTML
Completed 500 Internal Server Error in 3ms (ActiveRecord: 0.0ms)


  
Yelp::Error::MissingAPIKeys (You're missing an API key):
  
app/controllers/api/v1/yelp_controller.rb:16:in `new'
app/controllers/api/v1/yelp_controller.rb:16:in `search'
Started GET "/api/v1/search" for 10.198.66.254 at 2019-09-08 14:48:55 -0500
  [1m[35m (0.4ms)[0m  [1m[34mSELECT "schema_migrations"."version" FROM "schema_migrations" ORDER BY "schema_migrations"."version" ASC[0m
  ↳ /var/lib/gems/2.5.0/gems/activerecord-5.2.3/lib/active_record/log_subscriber.rb:98
Processing by Api::V1::YelpController#search as HTML
Completed 500 Internal Server Error in 1ms (ActiveRecord: 0.0ms)


  
Yelp::Error::MissingAPIKeys (You're missing an API key):
  
app/controllers/api/v1/yelp_controller.rb:16:in `new'
app/controllers/api/v1/yelp_controller.rb:16:in `search'
Started GET "/api/v1/search" for 10.198.66.254 at 2019-09-08 14:49:46 -0500
Processing by Api::V1::YelpController#search as HTML
Completed 500 Internal Server Error in 1ms (ActiveRecord: 0.0ms)


  
Yelp::Error::MissingAPIKeys (You're missing an API key):
  
app/controllers/api/v1/yelp_controller.rb:16:in `new'
app/controllers/api/v1/yelp_controller.rb:16:in `search'
Started GET "/api/v1/search" for 10.198.66.254 at 2019-09-08 14:49:48 -0500
Processing by Api::V1::YelpController#search as HTML
Completed 500 Internal Server Error in 0ms (ActiveRecord: 0.0ms)


  
Yelp::Error::MissingAPIKeys (You're missing an API key):
  
app/controllers/api/v1/yelp_controller.rb:16:in `new'
app/controllers/api/v1/yelp_controller.rb:16:in `search'
Started GET "/api/v1/search" for 10.198.66.254 at 2019-09-08 14:49:49 -0500
Processing by Api::V1::YelpController#search as HTML
Completed 500 Internal Server Error in 0ms (ActiveRecord: 0.0ms)


  
Yelp::Error::MissingAPIKeys (You're missing an API key):
  
app/controllers/api/v1/yelp_controller.rb:16:in `new'
app/controllers/api/v1/yelp_controller.rb:16:in `search'
Started GET "/api/v1/search" for 10.198.66.254 at 2019-09-08 14:49:49 -0500
Processing by Api::V1::YelpController#search as HTML
Completed 500 Internal Server Error in 0ms (ActiveRecord: 0.0ms)


  
Yelp::Error::MissingAPIKeys (You're missing an API key):
  
app/controllers/api/v1/yelp_controller.rb:16:in `new'
app/controllers/api/v1/yelp_controller.rb:16:in `search'
Started GET "/api/v1/search" for 10.198.66.254 at 2019-09-08 14:49:49 -0500
Processing by Api::V1::YelpController#search as HTML
Completed 500 Internal Server Error in 0ms (ActiveRecord: 0.0ms)


  
Yelp::Error::MissingAPIKeys (You're missing an API key):
  
app/controllers/api/v1/yelp_controller.rb:16:in `new'
app/controllers/api/v1/yelp_controller.rb:16:in `search'
Started GET "/api/v1/search" for 10.198.66.254 at 2019-09-08 14:49:49 -0500
Processing by Api::V1::YelpController#search as HTML
Completed 500 Internal Server Error in 0ms (ActiveRecord: 0.0ms)


  
Yelp::Error::MissingAPIKeys (You're missing an API key):
  
app/controllers/api/v1/yelp_controller.rb:16:in `new'
app/controllers/api/v1/yelp_controller.rb:16:in `search'
Started GET "/users" for 10.198.66.142 at 2019-09-08 14:54:31 -0500
Processing by UsersController#index as */*
  [1m[36mUser Load (0.5ms)[0m  [1m[34mSELECT "users".* FROM "users"[0m
  ↳ app/controllers/users_controller.rb:5
Completed 200 OK in 23ms (Views: 13.1ms | ActiveRecord: 5.4ms)


Started GET "/api/v1/search" for 10.198.66.254 at 2019-09-08 14:55:01 -0500
Processing by Api::V1::YelpController#search as HTML
Completed 204 No Content in 0ms (ActiveRecord: 0.0ms)


Started GET "/api/v1/search" for 10.198.66.254 at 2019-09-08 14:56:08 -0500
Processing by Api::V1::YelpController#search as HTML
Completed 500 Internal Server Error in 2ms (ActiveRecord: 0.0ms)


  
NoMethodError (undefined method `consumer_key=' for #<Yelp::Client:0x00005604e0083b40 @configuration=nil>):
  
app/controllers/api/v1/yelp_controller.rb:17:in `search'
Started GET "/api/v1/search" for 10.198.66.254 at 2019-09-08 14:56:33 -0500
Processing by Api::V1::YelpController#search as HTML
Completed 500 Internal Server Error in 1ms (ActiveRecord: 0.0ms)


  
NoMethodError (undefined method `[]=' for #<Yelp::Client:0x00005604e1a718e0 @configuration=nil>):
  
app/controllers/api/v1/yelp_controller.rb:17:in `search'
Started GET "/api/v1/search" for 10.198.66.254 at 2019-09-08 14:56:57 -0500
Processing by Api::V1::YelpController#search as HTML
Completed 500 Internal Server Error in 0ms (ActiveRecord: 0.0ms)


  
Yelp::Error::MissingAPIKeys (You're missing an API key):
  
app/controllers/api/v1/yelp_controller.rb:16:in `new'
app/controllers/api/v1/yelp_controller.rb:16:in `search'
Started GET "/api/v1/search" for 10.198.66.254 at 2019-09-08 14:57:14 -0500
Processing by Api::V1::YelpController#search as HTML
Completed 500 Internal Server Error in 0ms (ActiveRecord: 0.0ms)


  
Yelp::Error::MissingAPIKeys (You're missing an API key):
  
app/controllers/api/v1/yelp_controller.rb:16:in `new'
app/controllers/api/v1/yelp_controller.rb:16:in `search'
Started GET "/api/v1/search" for 10.198.66.254 at 2019-09-08 14:57:25 -0500
Processing by Api::V1::YelpController#search as HTML
Completed 500 Internal Server Error in 0ms (ActiveRecord: 0.0ms)


  
Yelp::Error::MissingAPIKeys (You're missing an API key):
  
app/controllers/api/v1/yelp_controller.rb:16:in `new'
app/controllers/api/v1/yelp_controller.rb:16:in `search'
Started GET "/users" for 10.198.66.142 at 2019-09-08 14:57:55 -0500
Processing by UsersController#index as */*
  [1m[36mUser Load (0.3ms)[0m  [1m[34mSELECT "users".* FROM "users"[0m
  ↳ app/controllers/users_controller.rb:5
Completed 200 OK in 17ms (Views: 9.3ms | ActiveRecord: 4.2ms)


Started GET "/" for 10.198.66.254 at 2019-09-08 14:59:40 -0500
  [1m[35m (0.5ms)[0m  [1m[34mSELECT "schema_migrations"."version" FROM "schema_migrations" ORDER BY "schema_migrations"."version" ASC[0m
  ↳ /var/lib/gems/2.5.0/gems/activerecord-5.2.3/lib/active_record/log_subscriber.rb:98
Processing by Rails::WelcomeController#index as HTML
  Rendering /var/lib/gems/2.5.0/gems/railties-5.2.3/lib/rails/templates/rails/welcome/index.html.erb
  Rendered /var/lib/gems/2.5.0/gems/railties-5.2.3/lib/rails/templates/rails/welcome/index.html.erb (2.5ms)
Completed 200 OK in 7ms (Views: 5.5ms | ActiveRecord: 0.0ms)


Started GET "/users" for 10.198.66.254 at 2019-09-08 14:59:48 -0500
Processing by UsersController#index as HTML
  [1m[36mUser Load (0.9ms)[0m  [1m[34mSELECT "users".* FROM "users"[0m
  ↳ app/controllers/users_controller.rb:5
Completed 200 OK in 27ms (Views: 14.0ms | ActiveRecord: 7.1ms)


Started GET "/users" for 10.198.66.254 at 2019-09-08 14:59:50 -0500
Processing by UsersController#index as HTML
  [1m[36mUser Load (1.6ms)[0m  [1m[34mSELECT "users".* FROM "users"[0m
  ↳ app/controllers/users_controller.rb:5
Completed 200 OK in 5ms (Views: 2.9ms | ActiveRecord: 1.6ms)


Started GET "/users" for 10.198.66.142 at 2019-09-08 14:59:52 -0500
Processing by UsersController#index as */*
  [1m[36mUser Load (0.9ms)[0m  [1m[34mSELECT "users".* FROM "users"[0m
  ↳ app/controllers/users_controller.rb:5
Completed 200 OK in 6ms (Views: 4.8ms | ActiveRecord: 0.9ms)


Started GET "/users" for 10.198.66.142 at 2019-09-08 14:59:56 -0500
Processing by UsersController#index as */*
  [1m[36mUser Load (0.7ms)[0m  [1m[34mSELECT "users".* FROM "users"[0m
  ↳ app/controllers/users_controller.rb:5
Completed 200 OK in 7ms (Views: 5.8ms | ActiveRecord: 0.7ms)


Started GET "/user_teams" for 10.198.66.254 at 2019-09-08 14:59:59 -0500
Processing by UserTeamsController#index as HTML
  [1m[36mUserTeam Load (1.8ms)[0m  [1m[34mSELECT "user_teams".* FROM "user_teams"[0m
  ↳ app/controllers/user_teams_controller.rb:4
Completed 200 OK in 23ms (Views: 10.6ms | ActiveRecord: 6.4ms)


